
state 0
	$accept: .script $end 

	token_ident  shift 2
	.  error

	script  goto 1

state 1
	$accept:  script.$end 

	$end  accept
	.  error


state 2
	script:  token_ident.    (1)

	.  reduce 1 (src line 32)


9 terminals, 2 nonterminals
2 grammar rules, 3/2000 states
0 shift/reduce, 0 reduce/reduce conflicts reported
51 working sets used
memory: parser 0/30000
0 extra closures
1 shift entries, 1 exceptions
1 goto entries
0 entries saved by goto default
Optimizer space used: output 2/30000
2 table entries, 0 zero
maximum spread: 4, maximum offset: 4
